Arguments: 
  /home/ancalagon/.nvm/versions/node/v18.18.0/bin/node /home/ancalagon/.nvm/versions/node/v18.18.0/bin/yarn add express

PATH: 
  /home/ancalagon/.nvm/versions/node/v18.18.0/bin:/home/ancalagon/.local/bin:/usr/local/sbin:/usr/local/bin:/usr/sbin:/usr/bin:/sbin:/bin:/usr/games:/usr/local/games:/snap/bin:/home/ancalagon/.dotnet/tools

Yarn version: 
  1.22.19

Node version: 
  18.18.0

Platform: 
  linux x64

Trace: 
  SyntaxError: /media/ancalagon/DEV/Project/gazin/projeto_logs/app/package.json: Unexpected end of JSON input
      at JSON.parse (<anonymous>)
      at /home/ancalagon/.nvm/versions/node/v18.18.0/lib/node_modules/yarn/lib/cli.js:1629:59
      at Generator.next (<anonymous>)
      at step (/home/ancalagon/.nvm/versions/node/v18.18.0/lib/node_modules/yarn/lib/cli.js:310:30)
      at /home/ancalagon/.nvm/versions/node/v18.18.0/lib/node_modules/yarn/lib/cli.js:321:13

npm manifest: 
  

yarn manifest: 
  No manifest

Lockfile: 
  No lockfile
